\BOOKMARK [0][-]{chapter*.5}{\376\377\000R\000e\000s\000u\000m\000e\000n}{}% 1
\BOOKMARK [0][-]{chapter.1}{\376\377\000I\000n\000t\000r\000o\000d\000u\000c\000c\000i\000\363\000n}{}% 2
\BOOKMARK [1][-]{section.1.1}{\376\377\000M\000o\000t\000i\000v\000a\000c\000i\000\363\000n}{chapter.1}% 3
\BOOKMARK [0][-]{chapter.2}{\376\377\000M\000a\000r\000c\000o\000\040\000T\000e\000\363\000r\000i\000c\000o}{}% 4
\BOOKMARK [1][-]{section.2.1}{\376\377\000I\000n\000g\000e\000n\000i\000e\000r\000\355\000a\000\040\000d\000e\000\040\000T\000r\000\341\000n\000s\000i\000t\000o}{chapter.2}% 5
\BOOKMARK [2][-]{subsection.2.1.1}{\376\377\000T\000e\000r\000m\000i\000n\000o\000l\000o\000g\000\355\000a\000\040\000d\000e\000\040\000T\000r\000\341\000n\000s\000i\000t\000o}{section.2.1}% 6
\BOOKMARK [2][-]{subsection.2.1.2}{\376\377\000F\000u\000n\000d\000a\000m\000e\000n\000t\000o\000s\000\040\000d\000e\000\040\000l\000a\000\040\000D\000i\000n\000\341\000m\000i\000c\000a\000\040\000V\000e\000h\000i\000c\000u\000l\000a\000r}{section.2.1}% 7
\BOOKMARK [2][-]{subsection.2.1.3}{\376\377\000S\000i\000s\000t\000e\000m\000a\000s\000\040\000d\000e\000\040\000C\000o\000n\000t\000r\000o\000l\000\040\000d\000e\000\040\000T\000r\000\341\000n\000s\000i\000t\000o}{section.2.1}% 8
\BOOKMARK [2][-]{subsection.2.1.4}{\376\377\000S\000i\000m\000u\000l\000a\000c\000i\000\363\000n\000\040\000d\000e\000\040\000T\000r\000\341\000n\000s\000i\000t\000o}{section.2.1}% 9
\BOOKMARK [1][-]{section.2.2}{\376\377\000A\000p\000r\000e\000n\000d\000i\000z\000a\000j\000e\000\040\000p\000o\000r\000\040\000R\000e\000f\000u\000e\000r\000z\000o\000\040\000\050\000R\000L\000\051}{chapter.2}% 10
\BOOKMARK [2][-]{subsection.2.2.1}{\376\377\000E\000l\000\040\000P\000r\000o\000c\000e\000s\000o\000\040\000d\000e\000\040\000D\000e\000c\000i\000s\000i\000\363\000n\000\040\000d\000e\000\040\000M\000a\000r\000k\000o\000v\000\040\000\050\000M\000D\000P\000\051}{section.2.2}% 11
\BOOKMARK [2][-]{subsection.2.2.2}{\376\377\000M\000\351\000t\000o\000d\000o\000s\000\040\000B\000a\000s\000a\000d\000o\000s\000\040\000e\000n\000\040\000V\000a\000l\000o\000r\000\040\000y\000\040\000B\000a\000s\000a\000d\000o\000s\000\040\000e\000n\000\040\000P\000o\000l\000\355\000t\000i\000c\000a}{section.2.2}% 12
\BOOKMARK [2][-]{subsection.2.2.3}{\376\377\000A\000p\000r\000e\000n\000d\000i\000z\000a\000j\000e\000\040\000P\000r\000o\000f\000u\000n\000d\000o\000\040\000y\000\040\000R\000e\000d\000e\000s\000\040\000N\000e\000u\000r\000o\000n\000a\000l\000e\000s}{section.2.2}% 13
\BOOKMARK [2][-]{subsection.2.2.4}{\376\377\000A\000p\000r\000e\000n\000d\000i\000z\000a\000j\000e\000\040\000p\000o\000r\000\040\000R\000e\000f\000u\000e\000r\000z\000o\000\040\000P\000r\000o\000f\000u\000n\000d\000o\000\040\000\050\000D\000R\000L\000\051}{section.2.2}% 14
\BOOKMARK [1][-]{section.2.3}{\376\377\000A\000p\000r\000e\000n\000d\000i\000z\000a\000j\000e\000\040\000p\000o\000r\000\040\000R\000e\000f\000u\000e\000r\000z\000o\000\040\000M\000u\000l\000t\000i\000-\000A\000g\000e\000n\000t\000e\000\040\000\050\000M\000A\000R\000L\000\051}{chapter.2}% 15
\BOOKMARK [2][-]{subsection.2.3.1}{\376\377\000P\000r\000o\000c\000e\000s\000o\000s\000\040\000d\000e\000\040\000D\000e\000c\000i\000s\000i\000\363\000n\000\040\000d\000e\000\040\000M\000a\000r\000k\000o\000v\000\040\000P\000a\000r\000c\000i\000a\000l\000m\000e\000n\000t\000e\000\040\000O\000b\000s\000e\000r\000v\000a\000b\000l\000e\000s\000\040\000D\000e\000s\000c\000e\000n\000t\000r\000a\000l\000i\000z\000a\000d\000o\000s\000\040\000\050\000D\000e\000c\000-\000P\000O\000M\000D\000P\000\051}{section.2.3}% 16
\BOOKMARK [2][-]{subsection.2.3.2}{\376\377\000P\000a\000r\000a\000d\000i\000g\000m\000a\000s\000\040\000d\000e\000\040\000E\000n\000t\000r\000e\000n\000a\000m\000i\000e\000n\000t\000o\000\040\000y\000\040\000E\000j\000e\000c\000u\000c\000i\000\363\000n}{section.2.3}% 17
\BOOKMARK [2][-]{subsection.2.3.3}{\376\377\000M\000u\000l\000t\000i\000-\000A\000g\000e\000n\000t\000\040\000D\000e\000e\000p\000\040\000R\000e\000i\000n\000f\000o\000r\000c\000e\000m\000e\000n\000t\000\040\000L\000e\000a\000r\000n\000i\000n\000g\000\040\000\050\000M\000A\000D\000R\000L\000\051}{section.2.3}% 18
\BOOKMARK [2][-]{subsection.2.3.4}{\376\377\000D\000e\000s\000a\000f\000\355\000o\000s\000\040\000d\000e\000\040\000E\000s\000c\000a\000l\000a\000b\000i\000l\000i\000d\000a\000d\000\040\000y\000\040\000N\000o\000\040\000E\000s\000t\000a\000c\000i\000o\000n\000a\000r\000i\000e\000d\000a\000d\000\040\000e\000n\000\040\000M\000A\000R\000L}{section.2.3}% 19
\BOOKMARK [1][-]{section.2.4}{\376\377\000C\000o\000n\000t\000r\000o\000l\000\040\000d\000e\000\040\000T\000r\000\341\000f\000i\000c\000o\000\040\000U\000r\000b\000a\000n\000o\000\040\000m\000e\000d\000i\000a\000n\000t\000e\000\040\000M\000A\000R\000L}{chapter.2}% 20
\BOOKMARK [2][-]{subsection.2.4.1}{\376\377\000E\000n\000t\000o\000r\000n\000o\000\040\000d\000e\000\040\000S\000i\000m\000u\000l\000a\000c\000i\000\363\000n\000\040\000p\000a\000r\000a\000\040\000C\000o\000n\000t\000r\000o\000l\000\040\000S\000e\000m\000a\000f\000\363\000r\000i\000c\000o}{section.2.4}% 21
\BOOKMARK [2][-]{subsection.2.4.2}{\376\377\000M\000o\000d\000e\000l\000a\000d\000o\000\040\000d\000e\000l\000\040\000P\000r\000o\000b\000l\000e\000m\000a\000\040\000d\000e\000l\000\040\000C\000o\000n\000t\000r\000o\000l\000\040\000d\000e\000\040\000S\000e\000m\000\341\000f\000o\000r\000o\000s\000\040\000\050\000E\000s\000p\000a\000c\000i\000o\000\040\000d\000e\000\040\000E\000s\000t\000a\000d\000o\000s\000,\000\040\000A\000c\000c\000i\000o\000n\000e\000s\000\040\000y\000\040\000R\000e\000c\000o\000m\000p\000e\000n\000s\000a\000s\000\051}{section.2.4}% 22
\BOOKMARK [2][-]{subsection.2.4.3}{\376\377\000C\000o\000o\000r\000d\000i\000n\000a\000c\000i\000\363\000n\000\040\000e\000n\000t\000r\000e\000\040\000I\000n\000t\000e\000r\000s\000e\000c\000c\000i\000o\000n\000e\000s\000\040\000y\000\040\000M\000i\000t\000i\000g\000a\000c\000i\000\363\000n\000\040\000d\000e\000\040\000C\000o\000n\000g\000e\000s\000t\000i\000\363\000n}{section.2.4}% 23
\BOOKMARK [0][-]{chapter.3}{\376\377\000M\000e\000t\000o\000d\000o\000l\000o\000g\000\355\000a}{}% 24
\BOOKMARK [1][-]{section.3.1}{\376\377\000I\000n\000t\000e\000g\000r\000a\000c\000i\000\363\000n\000\040\000d\000e\000\040\000S\000U\000M\000O\000\040\000y\000\040\000e\000l\000\040\000A\000g\000e\000n\000t\000e\000\040\000d\000e\000\040\000A\000p\000r\000e\000n\000d\000i\000z\000a\000j\000e\000\040\000p\000o\000r\000\040\000R\000e\000f\000u\000e\000r\000z\000o}{chapter.3}% 25
\BOOKMARK [1][-]{section.3.2}{\376\377\000H\000e\000r\000r\000a\000m\000i\000e\000n\000t\000a\000s\000\040\000y\000\040\000C\000o\000n\000f\000i\000g\000u\000r\000a\000c\000i\000\363\000n}{chapter.3}% 26
\BOOKMARK [2][-]{subsection.3.2.1}{\376\377\000E\000d\000i\000c\000i\000\363\000n\000\040\000d\000e\000\040\000R\000e\000d\000e\000s\000\040\000y\000\040\000T\000r\000\341\000n\000s\000i\000t\000o}{section.3.2}% 27
\BOOKMARK [0][-]{chapter.4}{\376\377\000A\000n\000\341\000l\000i\000s\000i\000s\000\040\000y\000\040\000d\000i\000s\000c\000u\000s\000i\000\363\000n\000\040\000d\000e\000\040\000r\000e\000s\000u\000l\000t\000a\000d\000o\000s}{}% 28
\BOOKMARK [1][-]{section.4.1}{\376\377\000R\000e\000s\000u\000l\000t\000a\000d\000o\000s\000\040\000d\000e\000l\000\040\000a\000j\000u\000s\000t\000e\000\040\000d\000e\000\040\000h\000i\000p\000e\000r\000p\000a\000r\000\341\000m\000e\000t\000r\000o\000s}{chapter.4}% 29
\BOOKMARK [2][-]{subsection.4.1.1}{\376\377\000D\000i\000s\000e\000\361\000o\000\040\000d\000e\000l\000\040\000p\000r\000o\000c\000e\000s\000o\000\040\000d\000e\000\040\000a\000j\000u\000s\000t\000e}{section.4.1}% 30
\BOOKMARK [2][-]{subsection.4.1.2}{\376\377\000R\000e\000s\000u\000l\000t\000a\000d\000o\000s\000\040\000d\000e\000l\000\040\000a\000j\000u\000s\000t\000e\000\040\000y\000\040\000a\000n\000\341\000l\000i\000s\000i\000s\000\040\000d\000e\000\040\000s\000e\000n\000s\000i\000b\000i\000l\000i\000d\000a\000d}{section.4.1}% 31
\BOOKMARK [2][-]{subsection.4.1.3}{\376\377\000C\000o\000n\000f\000i\000g\000u\000r\000a\000c\000i\000\363\000n\000\040\000s\000e\000l\000e\000c\000c\000i\000o\000n\000a\000d\000a\000\040\000p\000a\000r\000a\000\040\000l\000a\000\040\000e\000v\000a\000l\000u\000a\000c\000i\000\363\000n\000\040\000f\000i\000n\000a\000l}{section.4.1}% 32
\BOOKMARK [1][-]{section.4.2}{\376\377\000R\000e\000s\000u\000l\000t\000a\000d\000o\000s\000\040\000d\000e\000\040\000l\000o\000s\000\040\000m\000o\000d\000e\000l\000o\000s\000\040\000f\000i\000n\000a\000l\000e\000s}{chapter.4}% 33
\BOOKMARK [2][-]{subsection.4.2.1}{\376\377\000C\000r\000i\000t\000e\000r\000i\000o\000s\000\040\000d\000e\000\040\000e\000v\000a\000l\000u\000a\000c\000i\000\363\000n\000\040\000y\000\040\000m\000\351\000t\000r\000i\000c\000a\000s\000\040\000d\000e\000\040\000c\000o\000m\000p\000a\000r\000a\000c\000i\000\363\000n}{section.4.2}% 34
\BOOKMARK [2][-]{subsection.4.2.2}{\376\377\000D\000e\000s\000e\000m\000p\000e\000\361\000o\000\040\000e\000n\000\040\000e\000s\000c\000e\000n\000a\000r\000i\000o\000s\000\040\000s\000i\000n\000t\000\351\000t\000i\000c\000o\000s\000\040\000\050\0003\0001\000,\000\040\0003\0003\000,\000\040\0004\0004\000\040\000h\000e\000t\000e\000r\000o\000g\000\351\000n\000e\000o\000\051}{section.4.2}% 35
\BOOKMARK [2][-]{subsection.4.2.3}{\376\377\000D\000e\000s\000e\000m\000p\000e\000\361\000o\000\040\000e\000n\000\040\000l\000a\000\040\000r\000e\000d\000\040\000d\000e\000\040\000c\000a\000r\000r\000e\000t\000e\000r\000a\000s\000\040\000d\000e\000\040\000l\000a\000\040\000C\000i\000u\000d\000a\000d\000\040\000d\000e\000\040\000M\000e\000n\000d\000o\000z\000a}{section.4.2}% 36
\BOOKMARK [1][-]{section.4.3}{\376\377\000D\000i\000s\000c\000u\000s\000i\000\363\000n\000\040\000e\000\040\000i\000n\000t\000e\000r\000p\000r\000e\000t\000a\000c\000i\000\363\000n\000\040\000d\000e\000\040\000r\000e\000s\000u\000l\000t\000a\000d\000o\000s}{chapter.4}% 37
\BOOKMARK [0][-]{chapter.5}{\376\377\000C\000o\000n\000c\000l\000u\000s\000i\000o\000n\000e\000s}{}% 38
